\BOOKMARK [1][-]{section*.1}{\376\377\000I\000n\000t\000r\000o\000d\000u\000z\000i\000o\000n\000e}{}% 1
\BOOKMARK [1][-]{section*.2}{\376\377\000A}{}% 2
\BOOKMARK [2][-]{subsection*.3}{\376\377\000A\000I\000\040\000\050\000A\000r\000t\000i\000f\000i\000c\000i\000a\000l\000\040\000I\000n\000t\000e\000l\000l\000i\000g\000e\000n\000c\000e\000\051}{section*.2}% 3
\BOOKMARK [2][-]{subsection*.4}{\376\377\000A\000I\000\040\000C\000o\000-\000P\000i\000l\000o\000t}{section*.2}% 4
\BOOKMARK [2][-]{subsection*.5}{\376\377\000A\000I\000\040\000g\000e\000n\000e\000r\000a\000t\000i\000v\000a}{section*.2}% 5
\BOOKMARK [2][-]{subsection*.6}{\376\377\000A\000c\000c\000o\000p\000p\000i\000a\000m\000e\000n\000t\000o}{section*.2}% 6
\BOOKMARK [2][-]{subsection*.7}{\376\377\000A\000g\000i\000l\000e}{section*.2}% 7
\BOOKMARK [2][-]{subsection*.8}{\376\377\000A\000g\000g\000r\000e\000g\000a\000z\000i\000o\000n\000e}{section*.2}% 8
\BOOKMARK [2][-]{subsection*.9}{\376\377\000A\000m\000m\000i\000n\000i\000s\000t\000r\000a\000t\000o\000r\000e}{section*.2}% 9
\BOOKMARK [2][-]{subsection*.10}{\376\377\000A\000n\000a\000l\000i\000s\000i\000\040\000d\000e\000i\000\040\000R\000e\000q\000u\000i\000s\000i\000t\000i}{section*.2}% 10
\BOOKMARK [2][-]{subsection*.11}{\376\377\000A\000n\000a\000l\000i\000s\000t\000a}{section*.2}% 11
\BOOKMARK [2][-]{subsection*.12}{\376\377\000A\000P\000I\000\040\000\050\000A\000p\000p\000l\000i\000c\000a\000t\000i\000o\000n\000\040\000P\000r\000o\000g\000r\000a\000m\000m\000i\000n\000g\000\040\000I\000n\000t\000e\000r\000f\000a\000c\000e\000\051}{section*.2}% 12
\BOOKMARK [2][-]{subsection*.13}{\376\377\000A\000p\000p\000r\000o\000v\000a\000z\000i\000o\000n\000e}{section*.2}% 13
\BOOKMARK [2][-]{subsection*.14}{\376\377\000A\000s\000s\000o\000c\000i\000a\000z\000i\000o\000n\000e}{section*.2}% 14
\BOOKMARK [2][-]{subsection*.15}{\376\377\000A\000t\000t\000o\000r\000e}{section*.2}% 15
\BOOKMARK [2][-]{subsection*.16}{\376\377\000A\000t\000t\000o\000r\000e\000\040\000p\000r\000i\000n\000c\000i\000p\000a\000l\000e}{section*.2}% 16
\BOOKMARK [2][-]{subsection*.17}{\376\377\000A\000t\000t\000o\000r\000e\000\040\000s\000e\000c\000o\000n\000d\000a\000r\000i\000o}{section*.2}% 17
\BOOKMARK [2][-]{subsection*.18}{\376\377\000A\000W\000S\000\040\000\050\000A\000m\000a\000z\000o\000n\000\040\000W\000e\000b\000\040\000S\000e\000r\000v\000i\000c\000e\000s\000\051}{section*.2}% 18
\BOOKMARK [1][-]{section*.19}{\376\377\000B}{}% 19
\BOOKMARK [2][-]{subsection*.20}{\376\377\000B\000a\000c\000k\000-\000e\000n\000d}{section*.19}% 20
\BOOKMARK [2][-]{subsection*.21}{\376\377\000B\000a\000s\000e\000l\000i\000n\000e}{section*.19}% 21
\BOOKMARK [2][-]{subsection*.22}{\376\377\000B\000e\000s\000t\000\040\000P\000r\000a\000c\000t\000i\000c\000e}{section*.19}% 22
\BOOKMARK [1][-]{section*.23}{\376\377\000C}{}% 23
\BOOKMARK [2][-]{subsection*.24}{\376\377\000C\000a\000p\000i\000t\000o\000l\000a\000t\000o}{section*.23}% 24
\BOOKMARK [2][-]{subsection*.25}{\376\377\000C\000a\000s\000i\000\040\000d\000'\000u\000s\000o}{section*.23}% 25
\BOOKMARK [2][-]{subsection*.26}{\376\377\000C\000e\000d\000o\000l\000i\000n\000i}{section*.23}% 26
\BOOKMARK [2][-]{subsection*.27}{\376\377\000C\000e\000d\000o\000l\000i\000n\000i\000\040\000M\000a\000s\000s\000i\000v\000i}{section*.23}% 27
\BOOKMARK [2][-]{subsection*.28}{\376\377\000C\000e\000r\000i\000m\000o\000n\000i\000a}{section*.23}% 28
\BOOKMARK [2][-]{subsection*.29}{\376\377\000C\000o\000m\000m\000i\000t\000t\000e\000n\000t\000e}{section*.23}% 29
\BOOKMARK [2][-]{subsection*.30}{\376\377\000C\000o\000m\000p\000o\000s\000i\000z\000i\000o\000n\000e}{section*.23}% 30
\BOOKMARK [2][-]{subsection*.31}{\376\377\000C\000r\000u\000s\000c\000o\000t\000t\000o\000/\000D\000a\000s\000h\000b\000o\000a\000r\000d}{section*.23}% 31
\BOOKMARK [1][-]{section*.32}{\376\377\000D}{}% 32
\BOOKMARK [2][-]{subsection*.33}{\376\377\000D\000e\000c\000i\000s\000i\000o\000n\000e\000\040\000e\000s\000t\000e\000r\000n\000a}{section*.32}% 33
\BOOKMARK [2][-]{subsection*.34}{\376\377\000D\000e\000c\000i\000s\000i\000o\000n\000e\000\040\000i\000n\000t\000e\000r\000n\000a}{section*.32}% 34
\BOOKMARK [2][-]{subsection*.35}{\376\377\000D\000i\000a\000g\000r\000a\000m\000m\000i\000\040\000d\000e\000l\000l\000e\000\040\000c\000l\000a\000s\000s\000i}{section*.32}% 35
\BOOKMARK [2][-]{subsection*.36}{\376\377\000D\000i\000a\000g\000r\000a\000m\000m\000i\000\040\000d\000e\000i\000\040\000c\000a\000s\000i\000\040\000d\000'\000u\000s\000o}{section*.32}% 36
\BOOKMARK [2][-]{subsection*.37}{\376\377\000D\000i\000a\000g\000r\000a\000m\000m\000i\000\040\000d\000i\000\040\000a\000t\000t\000i\000v\000i\000t\000\340}{section*.32}% 37
\BOOKMARK [2][-]{subsection*.38}{\376\377\000D\000i\000a\000g\000r\000a\000m\000m\000i\000\040\000d\000i\000\040\000G\000a\000n\000t\000t}{section*.32}% 38
\BOOKMARK [2][-]{subsection*.39}{\376\377\000D\000i\000a\000g\000r\000a\000m\000m\000i\000\040\000d\000i\000\040\000P\000E\000R\000T}{section*.32}% 39
\BOOKMARK [2][-]{subsection*.40}{\376\377\000D\000i\000p\000e\000n\000d\000e\000n\000z\000a}{section*.32}% 40
\BOOKMARK [2][-]{subsection*.41}{\376\377\000D\000i\000s\000p\000a\000t\000c\000h}{section*.32}% 41
\BOOKMARK [2][-]{subsection*.42}{\376\377\000D\000o\000m\000i\000n\000i\000o\000\040\000d\000'\000u\000s\000o}{section*.32}% 42
\BOOKMARK [1][-]{section*.43}{\376\377\000E}{}% 43
\BOOKMARK [2][-]{subsection*.44}{\376\377\000E\000c\000o\000n\000o\000m\000i\000c\000i\000t\000\340}{section*.43}% 44
\BOOKMARK [2][-]{subsection*.45}{\376\377\000E\000f\000f\000i\000c\000a\000c\000i\000a}{section*.43}% 45
\BOOKMARK [2][-]{subsection*.46}{\376\377\000E\000f\000f\000i\000c\000i\000e\000n\000z\000a}{section*.43}% 46
\BOOKMARK [2][-]{subsection*.47}{\376\377\000E\000n\000t\000i\000t\000y\000\040\000R\000e\000s\000o\000l\000u\000t\000i\000o\000n}{section*.43}% 47
\BOOKMARK [2][-]{subsection*.48}{\376\377\000E\000r\000e\000d\000i\000t\000a\000r\000i\000e\000t\000\340}{section*.43}% 48
\BOOKMARK [2][-]{subsection*.49}{\376\377\000E\000r\000e\000d\000i\000t\000a\000r\000i\000e\000t\000\340\000\040\000d\000i\000\040\000c\000l\000a\000s\000s\000e}{section*.43}% 49
\BOOKMARK [2][-]{subsection*.50}{\376\377\000E\000r\000e\000d\000i\000t\000a\000r\000i\000e\000t\000\340\000\040\000d\000e\000l\000l\000'\000i\000n\000t\000e\000r\000f\000a\000c\000c\000i\000a}{section*.43}% 50
\BOOKMARK [1][-]{section*.51}{\376\377\000F}{}% 51
\BOOKMARK [2][-]{subsection*.52}{\376\377\000F\000r\000o\000n\000t\000-\000e\000n\000d}{section*.51}% 52
\BOOKMARK [2][-]{subsection*.53}{\376\377\000F\000u\000n\000z\000i\000o\000n\000a\000l\000i\000t\000\340}{section*.51}% 53
\BOOKMARK [1][-]{section*.54}{\376\377\000G}{}% 54
\BOOKMARK [2][-]{subsection*.55}{\376\377\000G\000D\000P\000R\000\040\000\050\000G\000e\000n\000e\000r\000a\000l\000\040\000D\000a\000t\000a\000\040\000P\000r\000o\000t\000e\000c\000t\000i\000o\000n\000\040\000R\000e\000g\000u\000l\000a\000t\000i\000o\000n\000\051}{section*.54}% 55
\BOOKMARK [2][-]{subsection*.56}{\376\377\000G\000e\000s\000t\000i\000o\000n\000e\000\040\000d\000e\000i\000\040\000r\000i\000s\000c\000h\000i}{section*.54}% 56
\BOOKMARK [2][-]{subsection*.57}{\376\377\000G\000i\000t\000H\000u\000b}{section*.54}% 57
\BOOKMARK [2][-]{subsection*.58}{\376\377\000G\000l\000o\000s\000s\000a\000r\000i\000o}{section*.54}% 58
\BOOKMARK [1][-]{section*.59}{\376\377\000H}{}% 59
\BOOKMARK [2][-]{subsection*.60}{\376\377\000H\000u\000m\000a\000n\000\040\000i\000n\000\040\000t\000h\000e\000\040\000l\000o\000o\000p}{section*.59}% 60
\BOOKMARK [1][-]{section*.61}{\376\377\000I}{}% 61
\BOOKMARK [2][-]{subsection*.62}{\376\377\000I\000m\000p\000l\000e\000m\000e\000n\000t\000a\000z\000i\000o\000n\000e}{section*.61}% 62
\BOOKMARK [2][-]{subsection*.63}{\376\377\000I\000n\000c\000a\000p\000s\000u\000l\000a\000m\000e\000n\000t\000o}{section*.61}% 63
\BOOKMARK [2][-]{subsection*.64}{\376\377\000I\000n\000f\000o\000r\000m\000a\000t\000i\000o\000n\000\040\000H\000i\000d\000i\000n\000g}{section*.61}% 64
\BOOKMARK [2][-]{subsection*.65}{\376\377\000I\000s\000s\000u\000e}{section*.61}% 65
\BOOKMARK [1][-]{section*.66}{\376\377\000K}{}% 66
\BOOKMARK [2][-]{subsection*.67}{\376\377\000K\000P\000I\000\040\000\050\000K\000e\000y\000\040\000P\000e\000r\000f\000o\000r\000m\000a\000n\000c\000e\000\040\000I\000n\000d\000i\000c\000a\000t\000o\000r\000\051}{section*.66}% 67
\BOOKMARK [1][-]{section*.68}{\376\377\000L}{}% 68
\BOOKMARK [2][-]{subsection*.69}{\376\377\000L\000a\000t\000e\000x}{section*.68}% 69
\BOOKMARK [2][-]{subsection*.70}{\376\377\000L\000L\000M\000\040\000\050\000L\000a\000r\000g\000e\000\040\000L\000a\000n\000g\000u\000a\000g\000e\000\040\000M\000o\000d\000e\000l\000\051}{section*.68}% 70
\BOOKMARK [1][-]{section*.71}{\376\377\000O}{}% 71
\BOOKMARK [2][-]{subsection*.72}{\376\377\000O\000C\000R\000\040\000\050\000O\000p\000t\000i\000c\000a\000l\000\040\000C\000h\000a\000r\000a\000c\000t\000e\000r\000\040\000R\000e\000c\000o\000g\000n\000i\000t\000i\000o\000n\000\051}{section*.71}% 72
\BOOKMARK [1][-]{section*.73}{\376\377\000P}{}% 73
\BOOKMARK [2][-]{subsection*.74}{\376\377\000P\000o\000l\000i\000m\000o\000r\000f\000i\000s\000m\000o}{section*.73}% 74
\BOOKMARK [2][-]{subsection*.75}{\376\377\000P\000o\000s\000t\000-\000c\000o\000n\000d\000i\000z\000i\000o\000n\000e}{section*.73}% 75
\BOOKMARK [2][-]{subsection*.76}{\376\377\000P\000r\000e\000-\000c\000o\000n\000d\000i\000z\000i\000o\000n\000e}{section*.73}% 76
\BOOKMARK [2][-]{subsection*.77}{\376\377\000P\000r\000e\000v\000e\000n\000t\000i\000v\000o}{section*.73}% 77
\BOOKMARK [2][-]{subsection*.78}{\376\377\000P\000r\000o\000g\000e\000t\000t\000i\000s\000t\000a}{section*.73}% 78
\BOOKMARK [2][-]{subsection*.79}{\376\377\000P\000r\000o\000g\000r\000a\000m\000m\000a\000t\000o\000r\000e}{section*.73}% 79
\BOOKMARK [2][-]{subsection*.80}{\376\377\000P\000r\000o\000g\000e\000t\000t\000o}{section*.73}% 80
\BOOKMARK [2][-]{subsection*.81}{\376\377\000P\000r\000o\000m\000p\000t}{section*.73}% 81
\BOOKMARK [2][-]{subsection*.82}{\376\377\000P\000r\000o\000p\000o\000n\000e\000n\000t\000e}{section*.73}% 82
\BOOKMARK [2][-]{subsection*.83}{\376\377\000P\000r\000o\000c\000e\000s\000s\000i\000\040\000o\000r\000g\000a\000n\000i\000z\000z\000a\000t\000i\000v\000i}{section*.73}% 83
\BOOKMARK [2][-]{subsection*.84}{\376\377\000P\000r\000o\000c\000e\000s\000s\000i\000\040\000p\000r\000i\000m\000a\000r\000i}{section*.73}% 84
\BOOKMARK [2][-]{subsection*.85}{\376\377\000P\000r\000o\000c\000e\000s\000s\000i\000\040\000d\000i\000\040\000s\000u\000p\000p\000o\000r\000t\000o}{section*.73}% 85
\BOOKMARK [2][-]{subsection*.86}{\376\377\000P\000W\000A\000\040\000\050\000P\000r\000o\000g\000r\000e\000s\000s\000i\000v\000e\000\040\000W\000e\000b\000\040\000A\000p\000p\000\051}{section*.73}% 86
\BOOKMARK [1][-]{section*.87}{\376\377\000R}{}% 87
\BOOKMARK [2][-]{subsection*.88}{\376\377\000R\000a\000t\000i\000n\000g\000\040\000S\000y\000s\000t\000e\000m}{section*.87}% 88
\BOOKMARK [2][-]{subsection*.89}{\376\377\000R\000B\000A\000C\000\040\000\050\000R\000o\000l\000e\000-\000B\000a\000s\000e\000d\000\040\000A\000c\000c\000e\000s\000s\000\040\000C\000o\000n\000t\000r\000o\000l\000\051}{section*.87}% 89
\BOOKMARK [2][-]{subsection*.90}{\376\377\000R\000e\000d\000a\000t\000t\000o\000r\000e}{section*.87}% 90
\BOOKMARK [2][-]{subsection*.91}{\376\377\000R\000e\000p\000o\000s\000i\000t\000o\000r\000y}{section*.87}% 91
\BOOKMARK [2][-]{subsection*.92}{\376\377\000R\000e\000q\000u\000i\000s\000i\000t\000o}{section*.87}% 92
\BOOKMARK [2][-]{subsection*.93}{\376\377\000R\000e\000q\000u\000i\000s\000i\000t\000i\000\040\000d\000e\000s\000i\000d\000e\000r\000a\000b\000i\000l\000i}{section*.87}% 93
\BOOKMARK [2][-]{subsection*.94}{\376\377\000R\000e\000q\000u\000i\000s\000i\000t\000i\000\040\000f\000u\000n\000z\000i\000o\000n\000a\000l\000i}{section*.87}% 94
\BOOKMARK [2][-]{subsection*.95}{\376\377\000R\000e\000q\000u\000i\000s\000i\000t\000i\000\040\000n\000o\000n\000\040\000f\000u\000n\000z\000i\000o\000n\000a\000l\000i}{section*.87}% 95
\BOOKMARK [2][-]{subsection*.96}{\376\377\000R\000e\000q\000u\000i\000s\000i\000t\000i\000\040\000o\000b\000b\000l\000i\000g\000a\000t\000o\000r\000i}{section*.87}% 96
\BOOKMARK [2][-]{subsection*.97}{\376\377\000R\000e\000q\000u\000i\000s\000i\000t\000i\000\040\000o\000p\000z\000i\000o\000n\000a\000l\000i}{section*.87}% 97
\BOOKMARK [2][-]{subsection*.98}{\376\377\000R\000e\000q\000u\000i\000r\000e\000m\000e\000n\000t\000s\000\040\000B\000a\000s\000e\000l\000i\000n\000e}{section*.87}% 98
\BOOKMARK [2][-]{subsection*.99}{\376\377\000R\000e\000q\000u\000i\000s\000i\000t\000o\000\040\000s\000o\000f\000t\000w\000a\000r\000e}{section*.87}% 99
\BOOKMARK [2][-]{subsection*.100}{\376\377\000R\000e\000q\000u\000i\000s\000i\000t\000o\000\040\000u\000t\000e\000n\000t\000e}{section*.87}% 100
\BOOKMARK [2][-]{subsection*.101}{\376\377\000R\000e\000s\000p\000o\000n\000s\000a\000b\000i\000l\000e}{section*.87}% 101
\BOOKMARK [1][-]{section*.102}{\376\377\000S}{}% 102
\BOOKMARK [2][-]{subsection*.103}{\376\377\000S\000a\000n\000d\000b\000o\000x\000\040\000d\000i\000\040\000S\000v\000i\000l\000u\000p\000p\000o}{section*.102}% 103
\BOOKMARK [2][-]{subsection*.104}{\376\377\000S\000c\000e\000n\000a\000r\000i\000o}{section*.102}% 104
\BOOKMARK [2][-]{subsection*.105}{\376\377\000S\000c\000e\000n\000a\000r\000i\000o\000\040\000a\000l\000t\000e\000r\000n\000a\000t\000i\000v\000o}{section*.102}% 105
\BOOKMARK [2][-]{subsection*.106}{\376\377\000S\000c\000e\000n\000a\000r\000i\000o\000\040\000p\000r\000i\000n\000c\000i\000p\000a\000l\000e}{section*.102}% 106
\BOOKMARK [2][-]{subsection*.107}{\376\377\000S\000c\000o\000p\000e}{section*.102}% 107
\BOOKMARK [2][-]{subsection*.108}{\376\377\000S\000C\000R\000U\000M}{section*.102}% 108
\BOOKMARK [2][-]{subsection*.109}{\376\377\000S\000E\000M\000A\000T}{section*.102}% 109
\BOOKMARK [2][-]{subsection*.110}{\376\377\000S\000o\000t\000t\000o\000t\000i\000p\000i\000z\000z\000a\000z\000i\000o\000n\000e}{section*.102}% 110
\BOOKMARK [2][-]{subsection*.111}{\376\377\000S\000p\000e\000c\000i\000f\000i\000c\000a\000t\000i\000o\000n\000\040\000T\000e\000c\000n\000i\000c\000a}{section*.102}% 111
\BOOKMARK [2][-]{subsection*.112}{\376\377\000S\000p\000r\000i\000n\000t}{section*.102}% 112
\BOOKMARK [2][-]{subsection*.113}{\376\377\000S\000t\000a\000k\000e\000h\000o\000l\000d\000e\000r}{section*.102}% 113
\BOOKMARK [2][-]{subsection*.114}{\376\377\000S\000t\000i\000m\000a\000\040\000d\000e\000i\000\040\000c\000o\000s\000t\000i}{section*.102}% 114
\BOOKMARK [1][-]{section*.115}{\376\377\000T}{}% 115
\BOOKMARK [2][-]{subsection*.116}{\376\377\000T\000e\000c\000h\000n\000o\000l\000o\000g\000y\000\040\000B\000a\000s\000e\000l\000i\000n\000e}{section*.115}% 116
\BOOKMARK [2][-]{subsection*.117}{\376\377\000T\000e\000s\000t}{section*.115}% 117
\BOOKMARK [1][-]{section*.118}{\376\377\000V}{}% 118
\BOOKMARK [2][-]{subsection*.119}{\376\377\000V\000a\000l\000i\000d\000a\000t\000o\000r\000e}{section*.118}% 119
\BOOKMARK [2][-]{subsection*.120}{\376\377\000V\000a\000l\000i\000d\000a\000z\000i\000o\000n\000e}{section*.118}% 120
\BOOKMARK [2][-]{subsection*.121}{\376\377\000V\000e\000r\000i\000f\000i\000c\000a}{section*.118}% 121
\BOOKMARK [2][-]{subsection*.122}{\376\377\000V\000e\000r\000i\000f\000i\000c\000a\000t\000o\000r\000e}{section*.118}% 122
\BOOKMARK [2][-]{subsection*.123}{\376\377\000V\000e\000r\000s\000i\000o\000n\000a\000m\000e\000n\000t\000o\000/\000v\000e\000r\000s\000i\000o\000n\000i\000n\000g}{section*.118}% 123
\BOOKMARK [1][-]{section*.124}{\376\377\000W}{}% 124
\BOOKMARK [2][-]{subsection*.125}{\376\377\000W\000a\000y\000\040\000o\000f\000\040\000W\000o\000r\000k\000i\000n\000g}{section*.124}% 125
\BOOKMARK [2][-]{subsection*.126}{\376\377\000W\000o\000r\000k\000f\000l\000o\000w}{section*.124}% 126
